Flutter crash report; please file at https://github.com/flutter/flutter/issues.

## command

flutter packages get

## exception

YamlException: Error on line 46, column 3: Expected ':'.
  module:
  ^

```
#0      Scanner._staleSimpleKeys (package:yaml/src/scanner.dart:491:9)
#1      Scanner._fetchMoreTokens (package:yaml/src/scanner.dart:325:9)
#2      Scanner.peek (package:yaml/src/scanner.dart:317:27)
#3      Parser._parseBlockMappingKey (package:yaml/src/parser.dart:418:26)
#4      Parser._stateMachine (package:yaml/src/parser.dart:86:16)
#5      Parser.parse (package:yaml/src/parser.dart:47:19)
#6      Loader._loadMapping (package:yaml/src/loader.dart:171:23)
#7      Loader._loadNode (package:yaml/src/loader.dart:86:16)
#8      Loader._loadSequence (package:yaml/src/loader.dart:141:20)
#9      Loader._loadNode (package:yaml/src/loader.dart:84:16)
#10     Loader._loadMapping (package:yaml/src/loader.dart:165:19)
#11     Loader._loadNode (package:yaml/src/loader.dart:86:16)
#12     Loader._loadMapping (package:yaml/src/loader.dart:165:19)
#13     Loader._loadNode (package:yaml/src/loader.dart:86:16)
#14     Loader._loadDocument (package:yaml/src/loader.dart:62:20)
#15     Loader.load (package:yaml/src/loader.dart:54:20)
#16     loadYamlDocument (package:yaml/yaml.dart:51:25)
#17     loadYamlNode (package:yaml/yaml.dart:42:5)
#18     loadYaml (package:yaml/yaml.dart:34:5)
#19     FlutterManifest.createFromString (package:flutter_tools/src/flutter_manifest.dart:42:28)
<asynchronous suspension>
#20     FlutterManifest.createFromPath (package:flutter_tools/src/flutter_manifest.dart:36:12)
<asynchronous suspension>
#21     FlutterProject._readManifest (package:flutter_tools/src/project.dart:128:60)
<asynchronous suspension>
#22     FlutterProject.fromDirectory (package:flutter_tools/src/project.dart:42:44)
<asynchronous suspension>
#23     FlutterProject.fromPath (package:flutter_tools/src/project.dart:57:58)
#24     PackagesGetCommand.runCommand (package:flutter_tools/src/commands/packages.dart:83:61)
<asynchronous suspension>
#25     FlutterCommand.verifyThenRunCommand (package:flutter_tools/src/runner/flutter_command.dart:401:18)
#26     _asyncThenWrapperHelper.<anonymous closure> (dart:async/runtime/libasync_patch.dart:77:64)
#27     _rootRunUnary (dart:async/zone.dart:1132:38)
#28     _CustomZone.runUnary (dart:async/zone.dart:1029:19)
#29     _FutureListener.handleValue (dart:async/future_impl.dart:129:18)
#30     Future._propagateToListeners.handleValueCallback (dart:async/future_impl.dart:642:45)
#31     Future._propagateToListeners (dart:async/future_impl.dart:671:32)
#32     Future._complete (dart:async/future_impl.dart:476:7)
#33     _SyncCompleter.complete (dart:async/future_impl.dart:51:12)
#34     _AsyncAwaitCompleter.complete.<anonymous closure> (dart:async/runtime/libasync_patch.dart:33:20)
#35     _rootRun (dart:async/zone.dart:1124:13)
#36     _CustomZone.run (dart:async/zone.dart:1021:19)
#37     _CustomZone.bindCallback.<anonymous closure> (dart:async/zone.dart:947:23)
#38     _microtaskLoop (dart:async/schedule_microtask.dart:41:21)
#39     _startMicrotaskLoop (dart:async/schedule_microtask.dart:50:5)
#40     _runPendingImmediateCallback (dart:isolate/runtime/libisolate_patch.dart:115:13)
#41     _RawReceivePortImpl._handleMessage (dart:isolate/runtime/libisolate_patch.dart:172:5)
```

## flutter doctor

```
[✓] Flutter (Channel stable, v1.0.0, on Mac OS X 10.14.1 18B75, locale en-GB)
    • Flutter version 1.0.0 at /Users/guruprasath/Desktop/flutter
    • Framework revision 5391447fae (6 weeks ago), 2018-11-29 19:41:26 -0800
    • Engine revision 7375a0f414
    • Dart version 2.1.0 (build 2.1.0-dev.9.4 f9ebf21297)

[✗] Android toolchain - develop for Android devices
    ✗ Unable to locate Android SDK.
      Install Android Studio from: https://developer.android.com/studio/index.html
      On first launch it will assist you in installing the Android SDK components.
      (or visit https://flutter.io/setup/#android-setup for detailed instructions).
      If Android SDK has been installed to a custom location, set $ANDROID_HOME to that location.
      You may also want to add it to your PATH environment variable.


[!] iOS toolchain - develop for iOS devices (Xcode 10.0)
    • Xcode at /Applications/Xcode.app/Contents/Developer
    • Xcode 10.0, Build version 10A255
    ✗ Verify that all connected devices have been paired with this computer in Xcode.
      If all devices have been paired, libimobiledevice and ideviceinstaller may require updating.
      To update with Brew, run:
        brew update
        brew uninstall --ignore-dependencies libimobiledevice
        brew uninstall --ignore-dependencies usbmuxd
        brew install --HEAD usbmuxd
        brew unlink usbmuxd
        brew link usbmuxd
        brew install --HEAD libimobiledevice
        brew install ideviceinstaller
    • ios-deploy 2.0.0
    • CocoaPods version 1.5.3

[!] Android Studio (not installed)
    • Android Studio not found; download from https://developer.android.com/studio/index.html
      (or visit https://flutter.io/setup/#android-setup for detailed instructions).

[✓] VS Code (version 1.23.1)
    • VS Code at /Applications/Visual Studio Code.app/Contents
    • Flutter extension version 2.21.1

[✓] Connected device (1 available)
    • iPhone XR • 28052382-B3B6-42A8-9B90-B1FAC50D7831 • ios • iOS 12.0 (simulator)

! Doctor found issues in 3 categories.
```
